{
 "cells": [
  {
   "cell_type": "markdown",
   "metadata": {},
   "source": [
    "# Query Performance Tuning\n",
    "\n",
    "As part of this section we will go through basic performance tuning techniques with respect to queries.\n",
    "\n",
    "* Preparing Database\n",
    "* Interpreting Explain Plans\n",
    "* Overview of Cost Based Optimizer\n",
    "* Performance Tuning using Indexes\n",
    "* Criteria for indexes\n",
    "* Criteria for Partitioning\n",
    "* Writing Queries – Partition Pruning\n",
    "* Overview of Query Hints"
   ]
  },
  {
   "cell_type": "markdown",
   "metadata": {},
   "source": [
    "## Preparing Database\n",
    "\n",
    "Let us prepare retail tables to come up with the solution for the problem statement.\n",
    "* Ensure that we have required database and user for retail data. We might provide the database as part of our labs.\n",
    "\n",
    "```shell\n",
    "psql -U postgres -h localhost -p 5432 -W\n",
    "```\n",
    "\n",
    "```sql\n",
    "CREATE DATABASE itversity_retail_db;\n",
    "CREATE USER itversity_retail_user WITH ENCRYPTED PASSWORD 'retail_password';\n",
    "GRANT ALL ON DATABASE itversity_retail_db TO itversity_retail_user;\n",
    "```\n",
    "\n",
    "* Create Tables using the script provided. You can either use `psql` or **SQL Alchemy**.\n",
    "\n",
    "```shell\n",
    "psql -U itversity_retail_user \\\n",
    "  -h localhost \\\n",
    "  -p 5432 \\\n",
    "  -d itversity_retail_db \\\n",
    "  -W\n",
    "\n",
    "\\i /data/retail_db/create_db_tables_pg.sql\n",
    "```\n",
    "\n",
    "* Data shall be loaded using the script provided.\n",
    "\n",
    "```shell\n",
    "\\i /data/retail_db/load_db_tables_pg.sql\n",
    "```\n",
    "\n",
    "* Run queries to validate we have data in all the 6 tables."
   ]
  },
  {
   "cell_type": "code",
   "execution_count": null,
   "metadata": {},
   "outputs": [],
   "source": [
    "%load_ext sql"
   ]
  },
  {
   "cell_type": "code",
   "execution_count": null,
   "metadata": {},
   "outputs": [],
   "source": [
    "%env DATABASE_URL=postgresql://itversity_retail_user:retail_password@localhost:5432/itversity_retail_db"
   ]
  },
  {
   "cell_type": "code",
   "execution_count": null,
   "metadata": {},
   "outputs": [],
   "source": [
    "%sql SELECT * FROM departments LIMIT 10"
   ]
  },
  {
   "cell_type": "code",
   "execution_count": null,
   "metadata": {},
   "outputs": [],
   "source": [
    "%sql SELECT * FROM categories LIMIT 10"
   ]
  },
  {
   "cell_type": "code",
   "execution_count": null,
   "metadata": {},
   "outputs": [],
   "source": [
    "%sql SELECT * FROM products LIMIT 10"
   ]
  },
  {
   "cell_type": "code",
   "execution_count": null,
   "metadata": {},
   "outputs": [],
   "source": [
    "%sql SELECT * FROM orders LIMIT 10"
   ]
  },
  {
   "cell_type": "code",
   "execution_count": null,
   "metadata": {},
   "outputs": [],
   "source": [
    "%sql SELECT * FROM order_items LIMIT 10"
   ]
  },
  {
   "cell_type": "code",
   "execution_count": null,
   "metadata": {},
   "outputs": [],
   "source": [
    "%sql SELECT * FROM customers LIMIT 10"
   ]
  },
  {
   "cell_type": "markdown",
   "metadata": {},
   "source": [
    "## Interpreting Explain Plans\n",
    "\n",
    "Let us review the below explain plans and understand key terms which will help us in interpreting them.\n",
    "* Seq Scan\n",
    "* Index Scan\n",
    "* Nested Loop\n",
    "\n",
    "Here are the explain plans for different queries.\n",
    "* Explain plan for query to get number of orders.\n",
    "\n",
    "```sql\n",
    "EXPLAIN\n",
    "SELECT count(1) FROM orders;\n",
    "```\n",
    "\n",
    "```text\n",
    "                            QUERY PLAN\n",
    "-------------------------------------------------------------------\n",
    " Aggregate  (cost=1386.04..1386.05 rows=1 width=8)\n",
    "   ->  Seq Scan on orders  (cost=0.00..1213.83 rows=68883 width=0)\n",
    "(2 rows)\n",
    "```\n",
    "\n",
    "* Explain plan for query to get number of orders by date.\n",
    "\n",
    "```sql\n",
    "EXPLAIN\n",
    "SELECT order_date, count(1) AS order_count\n",
    "FROM orders\n",
    "GROUP BY order_date;\n",
    "```\n",
    "\n",
    "```text\n",
    "                            QUERY PLAN\n",
    "-------------------------------------------------------------------\n",
    " HashAggregate  (cost=1558.24..1561.88 rows=364 width=16)\n",
    "   Group Key: order_date\n",
    "   ->  Seq Scan on orders  (cost=0.00..1213.83 rows=68883 width=8)\n",
    "(3 rows)\n",
    "```\n",
    "\n",
    "* Explain plan for query to get order details for a given order id.\n",
    "\n",
    "```sql\n",
    "EXPLAIN\n",
    "SELECT * FROM orders\n",
    "WHERE order_id = 2;\n",
    "```\n",
    "\n",
    "```text\n",
    "                                QUERY PLAN\n",
    "---------------------------------------------------------------------------\n",
    " Index Scan using orders_pkey on orders  (cost=0.29..8.31 rows=1 width=26)\n",
    "   Index Cond: (order_id = 2)\n",
    "(2 rows)\n",
    "```\n",
    "\n",
    "* Explain plan for query to get order and order item details for a given order id.\n",
    "\n",
    "```sql\n",
    "EXPLAIN\n",
    "SELECT o.*,\n",
    "    oi.order_item_subtotal\n",
    "FROM orders o JOIN order_items oi\n",
    "    ON o.order_id = oi.order_item_order_id\n",
    "WHERE o.order_id = 2;\n",
    "```\n",
    "\n",
    "```text\n",
    "                                    QUERY PLAN\n",
    "-----------------------------------------------------------------------------------\n",
    " Nested Loop  (cost=0.29..3427.82 rows=4 width=34)\n",
    "   ->  Index Scan using orders_pkey on orders o  (cost=0.29..8.31 rows=1 width=26)\n",
    "         Index Cond: (order_id = 2)\n",
    "   ->  Seq Scan on order_items oi  (cost=0.00..3419.47 rows=4 width=12)\n",
    "         Filter: (order_item_order_id = 2)\n",
    "(5 rows)\n",
    "```\n",
    "\n",
    "```{note}\n",
    "We should understand the order in which the query plans should be interpreted.\n",
    "```\n",
    "\n",
    "* Explain plan for a query with multiple joins\n",
    "\n",
    "```sql\n",
    "EXPLAIN\n",
    "SELECT \n",
    "    o.order_date,\n",
    "    d.department_id,\n",
    "    d.department_name,\n",
    "    c.category_name,\n",
    "    p.product_name,\n",
    "    round(sum(oi.order_item_subtotal)::numeric, 2) AS revenue\n",
    "FROM orders o\n",
    "    JOIN order_items oi\n",
    "        ON o.order_id = oi.order_item_order_id\n",
    "    JOIN products p\n",
    "        ON p.product_id = oi.order_item_product_id\n",
    "    JOIN categories c\n",
    "        ON c.category_id = p.product_category_id\n",
    "    JOIN departments d\n",
    "        ON d.department_id = c.category_department_id\n",
    "GROUP BY\n",
    "    o.order_date,\n",
    "    d.department_id,\n",
    "    d.department_name,\n",
    "    c.category_id,\n",
    "    c.category_name,\n",
    "    p.product_id,\n",
    "    p.product_name\n",
    "ORDER BY o.order_date,\n",
    "    revenue DESC;\n",
    "```\n",
    "\n",
    "```text\n",
    "                                                              QUERY PLAN\n",
    "--------------------------------------------------------------------------------------------------------------------------------------\n",
    " Sort  (cost=76368.54..76799.03 rows=172198 width=211)\n",
    "   Sort Key: o.order_date, (round((sum(oi.order_item_subtotal))::numeric, 2)) DESC\n",
    "   ->  Finalize GroupAggregate  (cost=25958.31..43735.23 rows=172198 width=211)\n",
    "         Group Key: o.order_date, d.department_id, c.category_id, p.product_id\n",
    "         ->  Gather Merge  (cost=25958.31..39886.09 rows=101293 width=187)\n",
    "               Workers Planned: 1\n",
    "               ->  Partial GroupAggregate  (cost=24958.30..27490.62 rows=101293 width=187)\n",
    "                     Group Key: o.order_date, d.department_id, c.category_id, p.product_id\n",
    "                     ->  Sort  (cost=24958.30..25211.53 rows=101293 width=187)\n",
    "                           Sort Key: o.order_date, d.department_id, c.category_id, p.product_id\n",
    "                           ->  Hash Join  (cost=2495.48..7188.21 rows=101293 width=187)\n",
    "                                 Hash Cond: (c.category_department_id = d.department_id)\n",
    "                                 ->  Hash Join  (cost=2472.43..6897.32 rows=101293 width=79)\n",
    "                                       Hash Cond: (p.product_category_id = c.category_id)\n",
    "                                       ->  Hash Join  (cost=2470.13..6609.69 rows=101293 width=63)\n",
    "                                             Hash Cond: (oi.order_item_product_id = p.product_id)\n",
    "                                             ->  Hash Join  (cost=2411.87..6284.70 rows=101293 width=20)\n",
    "                                                   Hash Cond: (oi.order_item_order_id = o.order_id)\n",
    "                                                   ->  Parallel Seq Scan on order_items oi  (cost=0.00..2279.93 rows=101293 width=16)\n",
    "                                                   ->  Hash  (cost=1213.83..1213.83 rows=68883 width=12)\n",
    "                                                         ->  Seq Scan on orders o  (cost=0.00..1213.83 rows=68883 width=12)\n",
    "                                             ->  Hash  (cost=41.45..41.45 rows=1345 width=47)\n",
    "                                                   ->  Seq Scan on products p  (cost=0.00..41.45 rows=1345 width=47)\n",
    "                                       ->  Hash  (cost=1.58..1.58 rows=58 width=20)\n",
    "                                             ->  Seq Scan on categories c  (cost=0.00..1.58 rows=58 width=20)\n",
    "                                 ->  Hash  (cost=15.80..15.80 rows=580 width=112)\n",
    "                                       ->  Seq Scan on departments d  (cost=0.00..15.80 rows=580 width=112)\n",
    "(27 rows)\n",
    "```"
   ]
  },
  {
   "cell_type": "markdown",
   "metadata": {},
   "source": [
    "## Overview of Cost Based Optimizer\n",
    "\n",
    "Let us get an overview of cost based optimizer.\n",
    "* Databases use cost based optimizer to generate explain plans. In the earlier days, they used to use rule based optimizer.\n",
    "* For cost based optimizer to generate optimal explain plan, we need to ensure statistics of our data in tables are collected at regular times.\n",
    "* We can analyze tables to collect statistics. Typically DBAs schedule to collect statistics at regular intervals.\n",
    "* Here are some of the statistics typically collected.\n",
    "  * Approximate number of records at table level.\n",
    "  * Approximate number of unique records at index level.\n",
    "* When explain plans are generated, these statistics will be used by cost based optimizer to provide us with the most optimal plan for our query."
   ]
  },
  {
   "cell_type": "markdown",
   "metadata": {},
   "source": [
    "## Performance Tuning using Indexes\n",
    "\n",
    "Let us understand how we can improve the performance of the query by creating index on order_items.order_item_order_id.\n",
    "\n",
    "* We have order level details in orders and item level details in order_items.\n",
    "* When customer want to review their orders, they need details about order_items. In almost all the scenarios in order management system, we prefer to get both order as well as order_items details by passing order_id of pending or outstanding orders.\n",
    "* Let us review the explain plan for the query with out index on order_items.order_item_order_id.\n",
    "\n",
    "```sql\n",
    "EXPLAIN\n",
    "SELECT o.*,\n",
    "    oi.order_item_subtotal\n",
    "FROM orders o JOIN order_items oi\n",
    "    ON o.order_id = oi.order_item_order_id\n",
    "WHERE o.order_id = 2;\n",
    "```\n",
    "\n",
    "```{text}\n",
    "                                    QUERY PLAN\n",
    "-----------------------------------------------------------------------------------\n",
    " Nested Loop  (cost=0.29..3427.82 rows=3 width=34)\n",
    "   ->  Index Scan using orders_pkey on orders o  (cost=0.29..8.31 rows=1 width=26)\n",
    "         Index Cond: (order_id = 2)\n",
    "   ->  Seq Scan on order_items oi  (cost=0.00..3419.47 rows=3 width=12)\n",
    "         Filter: (order_item_order_id = 2)\n",
    "(5 rows)\n",
    "```\n",
    "\n",
    "* Develop piece of code to randomly pass 2000 order ids and calculate time."
   ]
  },
  {
   "cell_type": "code",
   "execution_count": null,
   "metadata": {},
   "outputs": [],
   "source": [
    "!pip install psycopg2"
   ]
  },
  {
   "cell_type": "code",
   "execution_count": null,
   "metadata": {},
   "outputs": [],
   "source": [
    "import psycopg2"
   ]
  },
  {
   "cell_type": "code",
   "execution_count": null,
   "metadata": {},
   "outputs": [],
   "source": [
    "%%time\n",
    "connection = psycopg2.connect(\n",
    "    host='localhost',\n",
    "    port='5432',\n",
    "    database='itversity_retail_db',\n",
    "    user='itversity_retail_user',\n",
    "    password='retail_password'\n",
    ")\n",
    "cursor = connection.cursor()\n",
    "query = '''SELECT count(1) \n",
    "FROM orders o JOIN order_items oi \n",
    "    ON o.order_id = oi.order_item_order_id\n",
    "WHERE o.order_id = %s\n",
    "'''\n",
    "ctr = 0\n",
    "while True:\n",
    "    if ctr == 2000:\n",
    "        break\n",
    "    cursor.execute(query, (1,))\n",
    "    ctr += 1\n",
    "cursor.close()\n",
    "connection.close()"
   ]
  },
  {
   "cell_type": "markdown",
   "metadata": {},
   "source": [
    "* Create index on order_items.order_item_order_id"
   ]
  },
  {
   "cell_type": "code",
   "execution_count": null,
   "metadata": {},
   "outputs": [],
   "source": [
    "%load_ext sql"
   ]
  },
  {
   "cell_type": "code",
   "execution_count": null,
   "metadata": {},
   "outputs": [],
   "source": [
    "%env DATABASE_URL=postgresql://itversity_retail_user:retail_password@localhost:5432/itversity_retail_db"
   ]
  },
  {
   "cell_type": "code",
   "execution_count": null,
   "metadata": {},
   "outputs": [],
   "source": [
    "%%sql\n",
    "\n",
    "CREATE INDEX order_items_order_id_idx \n",
    "ON order_items(order_item_order_id);"
   ]
  },
  {
   "cell_type": "markdown",
   "metadata": {},
   "source": [
    "* Run explain plan after creating index on order_items.order_item_order_id\n",
    "\n",
    "```sql\n",
    "EXPLAIN\n",
    "SELECT o.*,\n",
    "    oi.order_item_subtotal\n",
    "FROM orders o JOIN order_items oi\n",
    "    ON o.order_id = oi.order_item_order_id\n",
    "WHERE o.order_id = 2;\n",
    "```\n",
    "\n",
    "```text\n",
    "                                              QUERY PLAN\n",
    "------------------------------------------------------------------------------------------------------\n",
    " Nested Loop  (cost=0.71..16.81 rows=3 width=34)\n",
    "   ->  Index Scan using orders_pkey on orders o  (cost=0.29..8.31 rows=1 width=26)\n",
    "         Index Cond: (order_id = 2)\n",
    "   ->  Index Scan using order_items_order_id_idx on order_items oi  (cost=0.42..8.47 rows=3 width=12)\n",
    "         Index Cond: (order_item_order_id = 2)\n",
    "(5 rows)\n",
    "```\n",
    "\n",
    "* Run the code again to see how much time, it get the results for 2000 random orders."
   ]
  },
  {
   "cell_type": "code",
   "execution_count": null,
   "metadata": {},
   "outputs": [],
   "source": [
    "import psycopg2"
   ]
  },
  {
   "cell_type": "code",
   "execution_count": null,
   "metadata": {},
   "outputs": [],
   "source": [
    "%%time\n",
    "\n",
    "from random import randrange\n",
    "connection = psycopg2.connect(\n",
    "    host='localhost',\n",
    "    port='5432',\n",
    "    database='itversity_retail_db',\n",
    "    user='itversity_retail_user',\n",
    "    password='retail_password'\n",
    ")\n",
    "cursor = connection.cursor()\n",
    "query = '''SELECT count(1) \n",
    "FROM orders o JOIN order_items oi \n",
    "    ON o.order_id = oi.order_item_order_id\n",
    "WHERE o.order_id = %s\n",
    "'''\n",
    "ctr = 0\n",
    "while True:\n",
    "    if ctr == 2000:\n",
    "        break\n",
    "    order_id = randrange(1, 68883)\n",
    "    cursor.execute(query, (order_id,))\n",
    "    ctr += 1\n",
    "cursor.close()\n",
    "connection.close()"
   ]
  },
  {
   "cell_type": "markdown",
   "metadata": {},
   "source": [
    "```{warning}\n",
    "Keep in mind that having indexes on tables can have negative impact on write operations.\n",
    "```"
   ]
  },
  {
   "cell_type": "markdown",
   "metadata": {},
   "source": [
    "## Criteria for Indexing\n",
    "\n",
    "Let us go through some of the criteria to create indexes on tables.\n",
    "* Indexes are required to enforce constraints such as Primary Key, Unique etc. Indexes will be automatically created, when we define a column(s) Primary Key or Unique.\n",
    "* Too many indexes on a given table, can slow down the performance of inserts, updates and deletes on that table. Hence, you need to make sure to strike right balance by creating indexes only when they are required.\n",
    "* Thorough analysis need to be done about how the queries will hit the table from the application.\n",
    "* We might have to create indexes on foreign key columns of the child table.\n",
    "* When we have tables with multiple parents, we need to be due diligent about how the index should be created.\n",
    "  * Shall we create 2 indexes?\n",
    "  * Shall we create 1 index with both the columns pointing to 2 tables?\n",
    "  * If we want to create 1 index with both the columns what should be the order?\n",
    "* Here are some of the scenarios from the application perspective based upon which we can consider creating indexes.\n",
    "  * Customer checking all his orders.\n",
    "    * We need to get the data from orders using customer id and hence we need to add index on **orders.order_customer_id**.\n",
    "  * Customer checking order details for a given order which include order_item_subtotal as well as product names.\n",
    "    * We need to join **orders**, **order_items** as well as **products**.\n",
    "    * **order_items** is child table for both **orders** and **products**.\n",
    "    * We can create composite index on **order_items.order_item_order_id** and **order_items.order_item_product_id**.\n",
    "  * Customer care executive to check **all the order details placed by customer using at least first 3 characters of customer's first name**.\n",
    "    * We can consider creating index on **customers.customer_fname** using upper or lower. You can also consider adding **customer_id** to the index along with customer_fname.\n",
    "    * Also to get all the order details for a given customer, we have to ensure that there is an index on **orders.order_customer_id**."
   ]
  },
  {
   "cell_type": "code",
   "execution_count": null,
   "metadata": {},
   "outputs": [],
   "source": [
    "%load_ext sql"
   ]
  },
  {
   "cell_type": "code",
   "execution_count": null,
   "metadata": {},
   "outputs": [],
   "source": [
    "%env DATABASE_URL=postgresql://itversity_retail_user:retail_password@localhost:5432/itversity_retail_db"
   ]
  },
  {
   "cell_type": "code",
   "execution_count": null,
   "metadata": {},
   "outputs": [],
   "source": [
    "%%sql\n",
    "\n",
    "DROP INDEX order_items_order_id_idx"
   ]
  },
  {
   "cell_type": "code",
   "execution_count": null,
   "metadata": {},
   "outputs": [],
   "source": [
    "%%sql\n",
    "\n",
    "SELECT min(customer_id), max(customer_id), count(1)\n",
    "FROM customers"
   ]
  },
  {
   "cell_type": "code",
   "execution_count": null,
   "metadata": {},
   "outputs": [],
   "source": [
    "import psycopg2"
   ]
  },
  {
   "cell_type": "code",
   "execution_count": null,
   "metadata": {},
   "outputs": [],
   "source": [
    "%%time\n",
    "\n",
    "from random import randrange\n",
    "connection = psycopg2.connect(\n",
    "    host='localhost',\n",
    "    port='5432',\n",
    "    database='itversity_retail_db',\n",
    "    user='itversity_retail_user',\n",
    "    password='retail_password'\n",
    ")\n",
    "cursor = connection.cursor()\n",
    "query = '''SELECT count(1) \n",
    "FROM orders o\n",
    "WHERE order_customer_id = %s\n",
    "'''\n",
    "ctr = 0\n",
    "while True:\n",
    "    if ctr == 2000:\n",
    "        break\n",
    "    customer_id = randrange(10950, 12435)\n",
    "    cursor.execute(query, (customer_id,))\n",
    "    ctr += 1\n",
    "cursor.close()\n",
    "connection.close()"
   ]
  },
  {
   "cell_type": "code",
   "execution_count": null,
   "metadata": {},
   "outputs": [],
   "source": [
    "%%sql\n",
    "\n",
    "CREATE INDEX orders_customer_id_idx\n",
    "ON orders(order_customer_id)"
   ]
  },
  {
   "cell_type": "code",
   "execution_count": null,
   "metadata": {},
   "outputs": [],
   "source": [
    "%%time\n",
    "\n",
    "from random import randrange\n",
    "connection = psycopg2.connect(\n",
    "    host='localhost',\n",
    "    port='5432',\n",
    "    database='itversity_retail_db',\n",
    "    user='itversity_retail_user',\n",
    "    password='retail_password'\n",
    ")\n",
    "cursor = connection.cursor()\n",
    "query = '''SELECT count(1) \n",
    "FROM orders o\n",
    "WHERE order_customer_id = %s\n",
    "'''\n",
    "ctr = 0\n",
    "while True:\n",
    "    if ctr == 2000:\n",
    "        break\n",
    "    customer_id = randrange(10950, 12435)\n",
    "    cursor.execute(query, (customer_id,))\n",
    "    ctr += 1\n",
    "cursor.close()\n",
    "connection.close()"
   ]
  },
  {
   "cell_type": "code",
   "execution_count": null,
   "metadata": {},
   "outputs": [],
   "source": [
    "%%time\n",
    "\n",
    "from random import randrange\n",
    "connection = psycopg2.connect(\n",
    "    host='localhost',\n",
    "    port='5432',\n",
    "    database='itversity_retail_db',\n",
    "    user='itversity_retail_user',\n",
    "    password='retail_password'\n",
    ")\n",
    "cursor = connection.cursor()\n",
    "query = '''SELECT count(1) \n",
    "FROM orders o\n",
    "    JOIN order_items oi\n",
    "        ON o.order_id = oi.order_item_order_id\n",
    "    JOIN products p\n",
    "        ON p.product_id = oi.order_item_product_id\n",
    "WHERE order_id = %s\n",
    "'''\n",
    "ctr = 0\n",
    "while True:\n",
    "    if ctr == 2000:\n",
    "        break\n",
    "    order_id = randrange(1, 68883)\n",
    "    cursor.execute(query, (order_id,))\n",
    "    ctr += 1\n",
    "cursor.close()\n",
    "connection.close()"
   ]
  },
  {
   "cell_type": "code",
   "execution_count": null,
   "metadata": {},
   "outputs": [],
   "source": [
    "%%sql\n",
    "\n",
    "CREATE INDEX order_items_oid_pid_idx \n",
    "ON order_items(order_item_order_id, order_item_product_id);"
   ]
  },
  {
   "cell_type": "code",
   "execution_count": null,
   "metadata": {},
   "outputs": [],
   "source": [
    "%%time\n",
    "\n",
    "from random import randrange\n",
    "connection = psycopg2.connect(\n",
    "    host='localhost',\n",
    "    port='5432',\n",
    "    database='itversity_retail_db',\n",
    "    user='itversity_retail_user',\n",
    "    password='retail_password'\n",
    ")\n",
    "cursor = connection.cursor()\n",
    "query = '''SELECT count(1) \n",
    "FROM orders o\n",
    "    JOIN order_items oi\n",
    "        ON o.order_id = oi.order_item_order_id\n",
    "    JOIN products p\n",
    "        ON p.product_id = oi.order_item_product_id\n",
    "WHERE order_id = %s\n",
    "'''\n",
    "ctr = 0\n",
    "while True:\n",
    "    if ctr == 2000:\n",
    "        break\n",
    "    order_id = randrange(1, 68883)\n",
    "    cursor.execute(query, (order_id,))\n",
    "    ctr += 1\n",
    "cursor.close()\n",
    "connection.close()"
   ]
  },
  {
   "cell_type": "markdown",
   "metadata": {},
   "source": [
    "```{note}\n",
    "As our products table only have handful of records there will not be significant difference in performance between the 2 approaches.\n",
    "* Index on order_items.order_item_order_id\n",
    "* Index on order_items.order_item_order_id, order_items.order_item_product_id\n",
    "\n",
    "Howeever if you create index using product id as driving field then the performance will not be as good as above 2 approaches.\n",
    "```"
   ]
  },
  {
   "cell_type": "code",
   "execution_count": null,
   "metadata": {},
   "outputs": [],
   "source": [
    "%%sql\n",
    "\n",
    "DROP INDEX order_items_oid_pid_idx"
   ]
  },
  {
   "cell_type": "code",
   "execution_count": null,
   "metadata": {},
   "outputs": [],
   "source": [
    "%%sql\n",
    "\n",
    "CREATE INDEX order_items_pid_oid_idx \n",
    "ON order_items(order_item_product_id, order_item_order_id);"
   ]
  },
  {
   "cell_type": "code",
   "execution_count": null,
   "metadata": {},
   "outputs": [],
   "source": [
    "%%time\n",
    "\n",
    "from random import randrange\n",
    "connection = psycopg2.connect(\n",
    "    host='localhost',\n",
    "    port='5432',\n",
    "    database='itversity_retail_db',\n",
    "    user='itversity_retail_user',\n",
    "    password='retail_password'\n",
    ")\n",
    "cursor = connection.cursor()\n",
    "query = '''SELECT count(1) \n",
    "FROM orders o\n",
    "    JOIN order_items oi\n",
    "        ON o.order_id = oi.order_item_order_id\n",
    "    JOIN products p\n",
    "        ON p.product_id = oi.order_item_product_id\n",
    "WHERE order_id = %s\n",
    "'''\n",
    "ctr = 0\n",
    "while True:\n",
    "    if ctr == 2000:\n",
    "        break\n",
    "    order_id = randrange(1, 68883)\n",
    "    cursor.execute(query, (order_id,))\n",
    "    ctr += 1\n",
    "cursor.close()\n",
    "connection.close()"
   ]
  },
  {
   "cell_type": "markdown",
   "metadata": {},
   "source": [
    "```{note}\n",
    "Here are the indexes to tune the performance of comparing with at least first 3 characters of customer first name.\n",
    "```"
   ]
  },
  {
   "cell_type": "code",
   "execution_count": null,
   "metadata": {},
   "outputs": [],
   "source": [
    "%%sql\n",
    "\n",
    "DROP INDEX IF EXISTS orders_customer_id_idx"
   ]
  },
  {
   "cell_type": "code",
   "execution_count": null,
   "metadata": {},
   "outputs": [],
   "source": [
    "%%sql\n",
    "\n",
    "DROP INDEX IF EXISTS customers_customer_fname_idx"
   ]
  },
  {
   "cell_type": "markdown",
   "metadata": {},
   "source": [
    "* Explain plan for query with out indexes.\n",
    "\n",
    "```sql\n",
    "EXPLAIN\n",
    "SELECT * \n",
    "FROM orders o JOIN customers c\n",
    "    ON o.order_customer_id = c.customer_id\n",
    "WHERE upper(c.customer_fname) = upper('mar');\n",
    "```\n",
    "\n",
    "```text\n",
    "                               QUERY PLAN\n",
    "-------------------------------------------------------------------------\n",
    " Hash Join  (cost=42.38..1437.09 rows=40 width=99)\n",
    "   Hash Cond: (o.order_customer_id = c.customer_id)\n",
    "   ->  Seq Scan on orders o  (cost=0.00..1213.83 rows=68883 width=26)\n",
    "   ->  Hash  (cost=42.29..42.29 rows=7 width=73)\n",
    "         ->  Seq Scan on customers c  (cost=0.00..42.29 rows=7 width=73)\n",
    "               Filter: (upper((customer_fname)::text) = 'MAR'::text)\n",
    "(6 rows)\n",
    "```"
   ]
  },
  {
   "cell_type": "code",
   "execution_count": null,
   "metadata": {},
   "outputs": [],
   "source": [
    "%%sql\n",
    "\n",
    "CREATE INDEX customers_customer_fname_idx\n",
    "ON customers(upper(customer_fname))"
   ]
  },
  {
   "cell_type": "code",
   "execution_count": null,
   "metadata": {},
   "outputs": [],
   "source": [
    "%%sql\n",
    "\n",
    "CREATE INDEX orders_customer_id_idx\n",
    "ON orders(order_customer_id)"
   ]
  },
  {
   "cell_type": "markdown",
   "metadata": {},
   "source": [
    "* Explain plan for query with indexes. Check the cost, it is significantly low when compared to the plan generated for the same query with out indexes.\n",
    "\n",
    "```sql\n",
    "EXPLAIN\n",
    "SELECT * \n",
    "FROM orders o JOIN customers c\n",
    "    ON o.order_customer_id = c.customer_id\n",
    "WHERE upper(c.customer_fname) = upper('mar');\n",
    "```\n",
    "\n",
    "```text\n",
    "                                           QUERY PLAN\n",
    "-------------------------------------------------------------------------------------------------\n",
    " Nested Loop  (cost=8.67..204.43 rows=40 width=99)\n",
    "   ->  Bitmap Heap Scan on customers c  (cost=4.33..18.58 rows=7 width=73)\n",
    "         Recheck Cond: (upper((customer_fname)::text) = 'MAR'::text)\n",
    "         ->  Bitmap Index Scan on customers_customer_fname_idx  (cost=0.00..4.33 rows=7 width=0)\n",
    "               Index Cond: (upper((customer_fname)::text) = 'MAR'::text)\n",
    "   ->  Bitmap Heap Scan on orders o  (cost=4.34..26.49 rows=6 width=26)\n",
    "         Recheck Cond: (order_customer_id = c.customer_id)\n",
    "         ->  Bitmap Index Scan on orders_customer_id_idx  (cost=0.00..4.34 rows=6 width=0)\n",
    "               Index Cond: (order_customer_id = c.customer_id)\n",
    "(9 rows)\n",
    "```"
   ]
  },
  {
   "cell_type": "markdown",
   "metadata": {},
   "source": [
    "## Criteria for Partitioning\n",
    "\n",
    "Let us understand how we can leverage partitioning to fine tune the performance.\n",
    "* Partitioning is another key strategy to boost the performance of the queries.\n",
    "* It is extensively used as key performance tuning strategy as part of tables created to support reporting requirements.\n",
    "* Even in transactional systems, we can leverage partitioning as one of the performance tuning technique while dealing with large tables.\n",
    "* For application log tables, we might want to discard all the irrelevant data after specific time period. If partitioning is used, we can detach and/or drop the paritions quickly.\n",
    "* Over a period of time most of the orders will be in **CLOSED** status. We can partition table using list parititioning to ensure that all the **CLOSED** orders are moved to another partition. It can improve the performance for the activity related to active orders.\n",
    "* In case of reporting databases, we might partition the transaction tables at daily level so that we can easily filter and process data to pre-aggregate and store in the reporting data marts.\n",
    "* Most of the tables in ODS or Data Lake will be timestamped and partitioned at daily or monthly level so that we can remove or archive old partitions easily"
   ]
  },
  {
   "cell_type": "markdown",
   "metadata": {},
   "source": [
    "## Writing Queries – Partition Pruning\n",
    "\n",
    "Let us understand how to write queries by leveraging partitioing.\n",
    "* Make sure to include a condition on partitioned column.\n",
    "* Equal condition will yield better results.\n",
    "* Queries with condition on partition key will result in partition pruning. The data from the other partitions will be fully ignored.\n",
    "* As partition pruning will result in lesser I/O, the overall performance of such queries will improve drastically."
   ]
  },
  {
   "cell_type": "markdown",
   "metadata": {},
   "source": [
    "## Overview of Query Hints\n",
    "\n",
    "Let us get an overview of query hints.\n",
    "* We can specify hint using /*+ HINT */ as part of the query.\n",
    "* Make sure there are no typos in the hint.\n",
    "* If there are typos or there no indexes specified as part of hint, they will be ignored.\n",
    "* In case of complex queries, CBO might use incorrect index or inappropriate join.\n",
    "* As an expert if we are sure that, the query should be using a particular index or right join, then we can force the optimizer to choose such index or join type leveraging hint."
   ]
  },
  {
   "cell_type": "markdown",
   "metadata": {},
   "source": [
    "## Exercise - Tuning Queries\n",
    "\n",
    "As part of this exercise, you need to prepare data set, go through the explain plan and come up with right indexes to tune the performance.\n",
    "\n",
    "* As of now customer email id in customers table contain same value (**XXXXXXXXX**).\n",
    "* Let us update customer_email_id.\n",
    "  * Use initial (first character) of customer_fname\n",
    "  * Use full string of customer_lname\n",
    "  * Use row_number by grouping or partitioning the data by first character of customer_fname and full customer_lname then sort it by customer_id.\n",
    "  * Make sure row_number is at least 3 digits, if not pad with 0 and concatenate to email id. Here are the examples\n",
    "  * Also make sure email ids are in upper case.\n",
    "|customer_id|customer_fname|customer_lname|rank|customer_email|\n",
    "|-----------|--------------|--------------|----|--------------|\n",
    "|11591|Ann|Alexander|1|AALEXANDER001@SOME.COM|\n",
    "|12031|Ashley|Benitez|1|ABENITEZ001@SOME.COM|\n",
    "|11298|Anthony|Best|1|ABEST001@SOME.COM|\n",
    "|11304|Alexander|Campbell|1|ACAMPBELL001@SOME.COM|\n",
    "|11956|Alan|Campos|1|ACAMPOS001@SOME.COM|\n",
    "|12075|Aaron|Carr|1|ACARR001@SOME.COM|\n",
    "|12416|Aaron|Cline|1|ACLINE001@SOME.COM|\n",
    "|10967|Alexander|Cunningham|1|ACUNNINGHAM001@SOME.COM|\n",
    "|12216|Ann|Deleon|1|ADELEON001@SOME.COM|\n",
    "|11192|Andrew|Dickson|1|ADICKSON001@SOME.COM|\n",
    "* Let us assume that customer care will try to search for customer details using at least first 4 characters.\n",
    "* Generate explain plan for the query.\n",
    "* Create unique index on customer_email.\n",
    "* Generate explain plan again and review the differences."
   ]
  },
  {
   "cell_type": "code",
   "execution_count": 1,
   "metadata": {},
   "outputs": [
    {
     "name": "stdout",
     "output_type": "stream",
     "text": [
      "env: DATABASE_URL=postgresql://itversity_retail_user:retail_password@localhost:5432/itversity_retail_db\n"
     ]
    }
   ],
   "source": [
    "%env DATABASE_URL=postgresql://itversity_retail_user:retail_password@localhost:5432/itversity_retail_db"
   ]
  },
  {
   "cell_type": "code",
   "execution_count": 2,
   "metadata": {},
   "outputs": [],
   "source": [
    "%load_ext sql"
   ]
  },
  {
   "cell_type": "code",
   "execution_count": 14,
   "metadata": {},
   "outputs": [
    {
     "name": "stdout",
     "output_type": "stream",
     "text": [
      " * postgresql://itversity_retail_user:***@localhost:5432/itversity_retail_db\n",
      "10 rows affected.\n"
     ]
    },
    {
     "data": {
      "text/html": [
       "<table>\n",
       "    <tr>\n",
       "        <th>customer_id</th>\n",
       "        <th>customer_fname</th>\n",
       "        <th>customer_lname</th>\n",
       "        <th>rnk</th>\n",
       "        <th>customer_email</th>\n",
       "    </tr>\n",
       "    <tr>\n",
       "        <td>11591</td>\n",
       "        <td>Ann</td>\n",
       "        <td>Alexander</td>\n",
       "        <td>1</td>\n",
       "        <td>AALEXANDER001@SOME.COM</td>\n",
       "    </tr>\n",
       "    <tr>\n",
       "        <td>12031</td>\n",
       "        <td>Ashley</td>\n",
       "        <td>Benitez</td>\n",
       "        <td>1</td>\n",
       "        <td>ABENITEZ001@SOME.COM</td>\n",
       "    </tr>\n",
       "    <tr>\n",
       "        <td>11298</td>\n",
       "        <td>Anthony</td>\n",
       "        <td>Best</td>\n",
       "        <td>1</td>\n",
       "        <td>ABEST001@SOME.COM</td>\n",
       "    </tr>\n",
       "    <tr>\n",
       "        <td>11304</td>\n",
       "        <td>Alexander</td>\n",
       "        <td>Campbell</td>\n",
       "        <td>1</td>\n",
       "        <td>ACAMPBELL001@SOME.COM</td>\n",
       "    </tr>\n",
       "    <tr>\n",
       "        <td>11956</td>\n",
       "        <td>Alan</td>\n",
       "        <td>Campos</td>\n",
       "        <td>1</td>\n",
       "        <td>ACAMPOS001@SOME.COM</td>\n",
       "    </tr>\n",
       "    <tr>\n",
       "        <td>12075</td>\n",
       "        <td>Aaron</td>\n",
       "        <td>Carr</td>\n",
       "        <td>1</td>\n",
       "        <td>ACARR001@SOME.COM</td>\n",
       "    </tr>\n",
       "    <tr>\n",
       "        <td>12416</td>\n",
       "        <td>Aaron</td>\n",
       "        <td>Cline</td>\n",
       "        <td>1</td>\n",
       "        <td>ACLINE001@SOME.COM</td>\n",
       "    </tr>\n",
       "    <tr>\n",
       "        <td>10967</td>\n",
       "        <td>Alexander</td>\n",
       "        <td>Cunningham</td>\n",
       "        <td>1</td>\n",
       "        <td>ACUNNINGHAM001@SOME.COM</td>\n",
       "    </tr>\n",
       "    <tr>\n",
       "        <td>12216</td>\n",
       "        <td>Ann</td>\n",
       "        <td>Deleon</td>\n",
       "        <td>1</td>\n",
       "        <td>ADELEON001@SOME.COM</td>\n",
       "    </tr>\n",
       "    <tr>\n",
       "        <td>11192</td>\n",
       "        <td>Andrew</td>\n",
       "        <td>Dickson</td>\n",
       "        <td>1</td>\n",
       "        <td>ADICKSON001@SOME.COM</td>\n",
       "    </tr>\n",
       "</table>"
      ],
      "text/plain": [
       "[(11591, 'Ann', 'Alexander', 1, 'AALEXANDER001@SOME.COM'),\n",
       " (12031, 'Ashley', 'Benitez', 1, 'ABENITEZ001@SOME.COM'),\n",
       " (11298, 'Anthony', 'Best', 1, 'ABEST001@SOME.COM'),\n",
       " (11304, 'Alexander', 'Campbell', 1, 'ACAMPBELL001@SOME.COM'),\n",
       " (11956, 'Alan', 'Campos', 1, 'ACAMPOS001@SOME.COM'),\n",
       " (12075, 'Aaron', 'Carr', 1, 'ACARR001@SOME.COM'),\n",
       " (12416, 'Aaron', 'Cline', 1, 'ACLINE001@SOME.COM'),\n",
       " (10967, 'Alexander', 'Cunningham', 1, 'ACUNNINGHAM001@SOME.COM'),\n",
       " (12216, 'Ann', 'Deleon', 1, 'ADELEON001@SOME.COM'),\n",
       " (11192, 'Andrew', 'Dickson', 1, 'ADICKSON001@SOME.COM')]"
      ]
     },
     "execution_count": 14,
     "metadata": {},
     "output_type": "execute_result"
    }
   ],
   "source": [
    "%%sql\n",
    "\n",
    "SELECT q.*,\n",
    "    upper(concat(substring(customer_fname, 1, 1), customer_lname, lpad(rnk::varchar, 3, '0'), '@SOME.COM')) AS customer_email\n",
    "FROM (  \n",
    "    SELECT customer_id,\n",
    "        customer_fname,\n",
    "        customer_lname,\n",
    "        rank() OVER (\n",
    "            PARTITION BY substring(customer_fname, 1, 1), customer_lname\n",
    "            ORDER BY customer_id\n",
    "        ) AS rnk\n",
    "    FROM customers\n",
    ") q\n",
    "ORDER BY customer_email\n",
    "LIMIT 10"
   ]
  },
  {
   "cell_type": "code",
   "execution_count": null,
   "metadata": {},
   "outputs": [],
   "source": []
  }
 ],
 "metadata": {
  "kernelspec": {
   "display_name": "Python 3",
   "language": "python",
   "name": "python3"
  },
  "language_info": {
   "codemirror_mode": {
    "name": "ipython",
    "version": 3
   },
   "file_extension": ".py",
   "mimetype": "text/x-python",
   "name": "python",
   "nbconvert_exporter": "python",
   "pygments_lexer": "ipython3",
   "version": "3.6.12"
  }
 },
 "nbformat": 4,
 "nbformat_minor": 4
}
