
<!DOCTYPE html>

<html>
  <head>
    <meta charset="utf-8" />
    <meta name="viewport" content="width=device-width, initial-scale=1.0" />
    <title>Interpreting Explain Plans &#8212; Mastering SQL using Postgresql</title>
    
  <link rel="stylesheet" href="../_static/css/index.73d71520a4ca3b99cfee5594769eaaae.css">

    
  <link rel="stylesheet"
    href="../_static/vendor/fontawesome/5.13.0/css/all.min.css">
  <link rel="preload" as="font" type="font/woff2" crossorigin
    href="../_static/vendor/fontawesome/5.13.0/webfonts/fa-solid-900.woff2">
  <link rel="preload" as="font" type="font/woff2" crossorigin
    href="../_static/vendor/fontawesome/5.13.0/webfonts/fa-brands-400.woff2">

    
      
  <link rel="stylesheet"
    href="../_static/vendor/open-sans_all/1.44.1/index.css">
  <link rel="stylesheet"
    href="../_static/vendor/lato_latin-ext/1.44.1/index.css">

    
    <link rel="stylesheet" href="../_static/pygments.css" type="text/css" />
    <link rel="stylesheet" href="../_static/sphinx-book-theme.2d2078699c18a0efb88233928e1cf6ed.css" type="text/css" />
    <link rel="stylesheet" type="text/css" href="../_static/togglebutton.css" />
    <link rel="stylesheet" type="text/css" href="../_static/copybutton.css" />
    <link rel="stylesheet" type="text/css" href="../_static/mystnb.css" />
    <link rel="stylesheet" type="text/css" href="../_static/sphinx-thebe.css" />
    <link rel="stylesheet" type="text/css" href="../_static/pdf.css" />
    <link rel="stylesheet" type="text/css" href="../_static/panels-main.c949a650a448cc0ae9fd3441c0e17fb0.css" />
    <link rel="stylesheet" type="text/css" href="../_static/panels-variables.06eb56fa6e07937060861dad626602ad.css" />
    
  <link rel="preload" as="script" href="../_static/js/index.3da636dd464baa7582d2.js">

    <script id="documentation_options" data-url_root="../" src="../_static/documentation_options.js"></script>
    <script src="../_static/jquery.js"></script>
    <script src="../_static/underscore.js"></script>
    <script src="../_static/doctools.js"></script>
    <script src="../_static/language_data.js"></script>
    <script src="../_static/togglebutton.js"></script>
    <script src="../_static/clipboard.min.js"></script>
    <script src="../_static/copybutton.js"></script>
    <script >var togglebuttonSelector = '.toggle, .admonition.dropdown, .tag_hide_input div.cell_input, .tag_hide-input div.cell_input, .tag_hide_output div.cell_output, .tag_hide-output div.cell_output, .tag_hide_cell.cell, .tag_hide-cell.cell';</script>
    <script src="../_static/sphinx-book-theme.be0a4a0c39cd630af62a2fcf693f3f06.js"></script>
    <script async="async" src="https://unpkg.com/thebelab@latest/lib/index.js"></script>
    <script >
        const thebe_selector = ".thebe"
        const thebe_selector_input = "pre"
        const thebe_selector_output = ".output"
    </script>
    <script async="async" src="../_static/sphinx-thebe.js"></script>
    <link rel="index" title="Index" href="../genindex.html" />
    <link rel="search" title="Search" href="../search.html" />
    <link rel="next" title="Overview of Cost Based Optimizer" href="04_overview_of_cost_based_optimizer.html" />
    <link rel="prev" title="Preparing Database" href="02_preparing_database.html" />

    <meta name="viewport" content="width=device-width, initial-scale=1" />
    <meta name="docsearch:language" content="en" />



  </head>
  <body data-spy="scroll" data-target="#bd-toc-nav" data-offset="80">
    

    <div class="container-xl">
      <div class="row">
          
<div class="col-12 col-md-3 bd-sidebar site-navigation show" id="site-navigation">
    
        <div class="navbar-brand-box">
<a class="navbar-brand text-wrap" href="../index.html">
  
  
  <h1 class="site-logo" id="site-title">Mastering SQL using Postgresql</h1>
  
</a>
</div>

<form class="bd-search d-flex align-items-center" action="../search.html" method="get">
  <i class="icon fas fa-search"></i>
  <input type="search" class="form-control" name="q" id="search-input" placeholder="Search this book..." aria-label="Search this book..." autocomplete="off" >
</form>

<nav class="bd-links" id="bd-docs-nav" aria-label="Main navigation">
  <ul class="nav sidenav_l1">
 <li class="toctree-l1">
  <a class="reference internal" href="../mastering-sql-using-postgresql.html">
   Mastering SQL using Postgresql
  </a>
 </li>
</ul>
<ul class="current nav sidenav_l1">
 <li class="toctree-l1">
  <a class="reference internal" href="../mastering_postgresql_exercises.html">
   Exercises - Mastering Postgresql
  </a>
 </li>
 <li class="toctree-l1">
  <a class="reference internal" href="../01_getting_started/01_getting_started.html">
   Getting Started
  </a>
 </li>
 <li class="toctree-l1">
  <a class="reference internal" href="../02_dml_or_crud_operations/01_dml_or_crud_operations.html">
   DML or CRUD Operations
  </a>
 </li>
 <li class="toctree-l1">
  <a class="reference internal" href="../03_writing_basic_sql_queries/01_writing_basic_sql_queries.html">
   Writing Basic SQL Queries
  </a>
 </li>
 <li class="toctree-l1">
  <a class="reference internal" href="../04_creating_tables_and_indexes/01_creating_tables_and_indexes.html">
   Creating Tables and Indexes
  </a>
 </li>
 <li class="toctree-l1">
  <a class="reference internal" href="../05_partitioning_tables_and_indexes/01_partitioning_tables_and_indexes.html">
   Partitioning Tables and Indexes
  </a>
 </li>
 <li class="toctree-l1">
  <a class="reference internal" href="../06_predefined_functions/01_predefined_functions.html">
   Pre-Defined Functions
  </a>
 </li>
 <li class="toctree-l1">
  <a class="reference internal" href="../07_writing_advanced_sql_queries/01_writing_advanced_sql_queries.html">
   Writing Advanced SQL Queries
  </a>
 </li>
 <li class="toctree-l1 current active">
  <a class="reference internal" href="01_query_performance_tuning.html">
   Query Performance Tuning
  </a>
  <ul class="current">
   <li class="toctree-l2">
    <a class="reference internal" href="02_preparing_database.html">
     Preparing Database
    </a>
   </li>
   <li class="toctree-l2 current active">
    <a class="current reference internal" href="#">
     Interpreting Explain Plans
    </a>
   </li>
   <li class="toctree-l2">
    <a class="reference internal" href="04_overview_of_cost_based_optimizer.html">
     Overview of Cost Based Optimizer
    </a>
   </li>
   <li class="toctree-l2">
    <a class="reference internal" href="05_performance_tuning_using_indexes.html">
     Performance Tuning using Indexes
    </a>
   </li>
   <li class="toctree-l2">
    <a class="reference internal" href="06_criteria_for_indexing.html">
     Criteria for Indexing
    </a>
   </li>
   <li class="toctree-l2">
    <a class="reference internal" href="07_criteria_for_partitioning.html">
     Criteria for Partitioning
    </a>
   </li>
   <li class="toctree-l2">
    <a class="reference internal" href="08_writing_queries_partition_pruning.html">
     Writing Queries – Partition Pruning
    </a>
   </li>
   <li class="toctree-l2">
    <a class="reference internal" href="09_overview_of_query_hints.html">
     Overview of Query Hints
    </a>
   </li>
   <li class="toctree-l2">
    <a class="reference internal" href="10_exercises_tuning_queries.html">
     Exercises - Tuning Queries
    </a>
   </li>
  </ul>
 </li>
 <li class="toctree-l1">
  <a class="reference internal" href="../mastering_postgresql_exercises.html">
   Exercises - Mastering Postgresql
  </a>
 </li>
</ul>

</nav>

 <!-- To handle the deprecated key -->

<div class="navbar_extra_footer">
  Subscribe to our <a href="http://notifyme.itversity.com">Newsletter</a>
</div>

</div>


          


          
<main class="col py-md-3 pl-md-4 bd-content overflow-auto" role="main">
    
    <div class="row topbar fixed-top container-xl">
    <div class="col-12 col-md-3 bd-topbar-whitespace site-navigation show">
    </div>
    <div class="col pl-2 topbar-main">
        
        <button id="navbar-toggler" class="navbar-toggler ml-0" type="button" data-toggle="collapse"
            data-toggle="tooltip" data-placement="bottom" data-target=".site-navigation" aria-controls="navbar-menu"
            aria-expanded="true" aria-label="Toggle navigation" aria-controls="site-navigation"
            title="Toggle navigation" data-toggle="tooltip" data-placement="left">
            <i class="fas fa-bars"></i>
            <i class="fas fa-arrow-left"></i>
            <i class="fas fa-arrow-up"></i>
        </button>
        
        <div class="dropdown-buttons-trigger">
    <button id="dropdown-buttons-trigger" class="btn btn-secondary topbarbtn" aria-label="Download this page"><i
            class="fas fa-download"></i></button>

    
    <div class="dropdown-buttons">
        <!-- ipynb file if we had a myst markdown file -->
        
        <!-- Download raw file -->
        <a class="dropdown-buttons" href="../_sources/08_query_performance_tuning/03_interpreting_explain_plans.ipynb"><button type="button"
                class="btn btn-secondary topbarbtn" title="Download source file" data-toggle="tooltip"
                data-placement="left">.ipynb</button></a>
        <!-- Download PDF via print -->
        <button type="button" id="download-print" class="btn btn-secondary topbarbtn" title="Print to PDF"
            onClick="window.print()" data-toggle="tooltip" data-placement="left">.pdf</button>
    </div>
    
</div>
        <!-- Source interaction buttons -->

<div class="dropdown-buttons-trigger">
    <button id="dropdown-buttons-trigger" class="btn btn-secondary topbarbtn"
        aria-label="Connect with source repository"><i class="fab fa-github"></i></button>
    <div class="dropdown-buttons sourcebuttons">
        <a class="repository-button"
            href="https://github.com/itversity/mastering-postgresql"><button type="button" class="btn btn-secondary topbarbtn"
                data-toggle="tooltip" data-placement="left" title="Source repository"><i
                    class="fab fa-github"></i>repository</button></a>
        <a class="issues-button"
            href="https://github.com/itversity/mastering-postgresql/issues/new?title=Issue%20on%20page%20%2F08_query_performance_tuning/03_interpreting_explain_plans.html&body=Your%20issue%20content%20here."><button
                type="button" class="btn btn-secondary topbarbtn" data-toggle="tooltip" data-placement="left"
                title="Open an issue"><i class="fas fa-lightbulb"></i>open issue</button></a>
        <a class="edit-button" href="https://github.com/itversity/mastering-postgresql/edit/master/08_query_performance_tuning/03_interpreting_explain_plans.ipynb"><button
                type="button" class="btn btn-secondary topbarbtn" data-toggle="tooltip" data-placement="left"
                title="Edit this page"><i class="fas fa-pencil-alt"></i>suggest edit</button></a>
    </div>
</div>


        <!-- Full screen (wrap in <a> to have style consistency -->
        <a class="full-screen-button"><button type="button" class="btn btn-secondary topbarbtn" data-toggle="tooltip"
                data-placement="bottom" onclick="toggleFullScreen()" aria-label="Fullscreen mode"
                title="Fullscreen mode"><i
                    class="fas fa-expand"></i></button></a>

        <!-- Launch buttons -->

<div class="dropdown-buttons-trigger">
    <button id="dropdown-buttons-trigger" class="btn btn-secondary topbarbtn"
        aria-label="Launch interactive content"><i class="fas fa-rocket"></i></button>
    <div class="dropdown-buttons">
        
        <a class="binder-button" href="https://mybinder.org/v2/gh/itversity/mastering-postgresql/master?urlpath=tree/08_query_performance_tuning/03_interpreting_explain_plans.ipynb"><button type="button"
                class="btn btn-secondary topbarbtn" title="Launch Binder" data-toggle="tooltip"
                data-placement="left"><img class="binder-button-logo"
                    src="../_static/images/logo_binder.svg"
                    alt="Interact on binder">Binder</button></a>
        
        
        
        
    </div>
</div>

    </div>

    <!-- Table of contents -->
    <div class="d-none d-md-block col-md-2 bd-toc show">
        
    </div>
</div>
    <div id="main-content" class="row">
        <div class="col-12 col-md-9 pl-md-3 pr-md-0">
        
              <div>
                
  <div class="section" id="interpreting-explain-plans">
<h1>Interpreting Explain Plans<a class="headerlink" href="#interpreting-explain-plans" title="Permalink to this headline">¶</a></h1>
<p>Let us review the below explain plans and understand key terms which will help us in interpreting them.</p>
<ul class="simple">
<li><p>Seq Scan</p></li>
<li><p>Index Scan</p></li>
<li><p>Nested Loop</p></li>
</ul>
<p>Here are the explain plans for different queries.</p>
<ul class="simple">
<li><p>Explain plan for query to get number of orders.</p></li>
</ul>
<div class="highlight-sql notranslate"><div class="highlight"><pre><span></span><span class="k">EXPLAIN</span>
<span class="k">SELECT</span> <span class="k">count</span><span class="p">(</span><span class="mi">1</span><span class="p">)</span> <span class="k">FROM</span> <span class="n">orders</span><span class="p">;</span>
</pre></div>
</div>
<div class="highlight-text notranslate"><div class="highlight"><pre><span></span>                            QUERY PLAN
-------------------------------------------------------------------
 Aggregate  (cost=1386.04..1386.05 rows=1 width=8)
   -&gt;  Seq Scan on orders  (cost=0.00..1213.83 rows=68883 width=0)
(2 rows)
</pre></div>
</div>
<ul class="simple">
<li><p>Explain plan for query to get number of orders by date.</p></li>
</ul>
<div class="highlight-sql notranslate"><div class="highlight"><pre><span></span><span class="k">EXPLAIN</span>
<span class="k">SELECT</span> <span class="n">order_date</span><span class="p">,</span> <span class="k">count</span><span class="p">(</span><span class="mi">1</span><span class="p">)</span> <span class="k">AS</span> <span class="n">order_count</span>
<span class="k">FROM</span> <span class="n">orders</span>
<span class="k">GROUP</span> <span class="k">BY</span> <span class="n">order_date</span><span class="p">;</span>
</pre></div>
</div>
<div class="highlight-text notranslate"><div class="highlight"><pre><span></span>                            QUERY PLAN
-------------------------------------------------------------------
 HashAggregate  (cost=1558.24..1561.88 rows=364 width=16)
   Group Key: order_date
   -&gt;  Seq Scan on orders  (cost=0.00..1213.83 rows=68883 width=8)
(3 rows)
</pre></div>
</div>
<ul class="simple">
<li><p>Explain plan for query to get order details for a given order id.</p></li>
</ul>
<div class="highlight-sql notranslate"><div class="highlight"><pre><span></span><span class="k">EXPLAIN</span>
<span class="k">SELECT</span> <span class="o">*</span> <span class="k">FROM</span> <span class="n">orders</span>
<span class="k">WHERE</span> <span class="n">order_id</span> <span class="o">=</span> <span class="mi">2</span><span class="p">;</span>
</pre></div>
</div>
<div class="highlight-text notranslate"><div class="highlight"><pre><span></span>                                QUERY PLAN
---------------------------------------------------------------------------
 Index Scan using orders_pkey on orders  (cost=0.29..8.31 rows=1 width=26)
   Index Cond: (order_id = 2)
(2 rows)
</pre></div>
</div>
<ul class="simple">
<li><p>Explain plan for query to get order and order item details for a given order id.</p></li>
</ul>
<div class="highlight-sql notranslate"><div class="highlight"><pre><span></span><span class="k">EXPLAIN</span>
<span class="k">SELECT</span> <span class="n">o</span><span class="p">.</span><span class="o">*</span><span class="p">,</span>
    <span class="n">oi</span><span class="p">.</span><span class="n">order_item_subtotal</span>
<span class="k">FROM</span> <span class="n">orders</span> <span class="n">o</span> <span class="k">JOIN</span> <span class="n">order_items</span> <span class="n">oi</span>
    <span class="k">ON</span> <span class="n">o</span><span class="p">.</span><span class="n">order_id</span> <span class="o">=</span> <span class="n">oi</span><span class="p">.</span><span class="n">order_item_order_id</span>
<span class="k">WHERE</span> <span class="n">o</span><span class="p">.</span><span class="n">order_id</span> <span class="o">=</span> <span class="mi">2</span><span class="p">;</span>
</pre></div>
</div>
<div class="highlight-text notranslate"><div class="highlight"><pre><span></span>                                    QUERY PLAN
-----------------------------------------------------------------------------------
 Nested Loop  (cost=0.29..3427.82 rows=4 width=34)
   -&gt;  Index Scan using orders_pkey on orders o  (cost=0.29..8.31 rows=1 width=26)
         Index Cond: (order_id = 2)
   -&gt;  Seq Scan on order_items oi  (cost=0.00..3419.47 rows=4 width=12)
         Filter: (order_item_order_id = 2)
(5 rows)
</pre></div>
</div>
<div class="admonition note">
<p class="admonition-title">Note</p>
<p>We should understand the order in which the query plans should be interpreted.</p>
</div>
<ul class="simple">
<li><p>Explain plan for a query with multiple joins</p></li>
</ul>
<div class="highlight-sql notranslate"><div class="highlight"><pre><span></span><span class="k">EXPLAIN</span>
<span class="k">SELECT</span> 
    <span class="n">o</span><span class="p">.</span><span class="n">order_date</span><span class="p">,</span>
    <span class="n">d</span><span class="p">.</span><span class="n">department_id</span><span class="p">,</span>
    <span class="n">d</span><span class="p">.</span><span class="n">department_name</span><span class="p">,</span>
    <span class="k">c</span><span class="p">.</span><span class="n">category_name</span><span class="p">,</span>
    <span class="n">p</span><span class="p">.</span><span class="n">product_name</span><span class="p">,</span>
    <span class="n">round</span><span class="p">(</span><span class="k">sum</span><span class="p">(</span><span class="n">oi</span><span class="p">.</span><span class="n">order_item_subtotal</span><span class="p">)::</span><span class="nb">numeric</span><span class="p">,</span> <span class="mi">2</span><span class="p">)</span> <span class="k">AS</span> <span class="n">revenue</span>
<span class="k">FROM</span> <span class="n">orders</span> <span class="n">o</span>
    <span class="k">JOIN</span> <span class="n">order_items</span> <span class="n">oi</span>
        <span class="k">ON</span> <span class="n">o</span><span class="p">.</span><span class="n">order_id</span> <span class="o">=</span> <span class="n">oi</span><span class="p">.</span><span class="n">order_item_order_id</span>
    <span class="k">JOIN</span> <span class="n">products</span> <span class="n">p</span>
        <span class="k">ON</span> <span class="n">p</span><span class="p">.</span><span class="n">product_id</span> <span class="o">=</span> <span class="n">oi</span><span class="p">.</span><span class="n">order_item_product_id</span>
    <span class="k">JOIN</span> <span class="n">categories</span> <span class="k">c</span>
        <span class="k">ON</span> <span class="k">c</span><span class="p">.</span><span class="n">category_id</span> <span class="o">=</span> <span class="n">p</span><span class="p">.</span><span class="n">product_category_id</span>
    <span class="k">JOIN</span> <span class="n">departments</span> <span class="n">d</span>
        <span class="k">ON</span> <span class="n">d</span><span class="p">.</span><span class="n">department_id</span> <span class="o">=</span> <span class="k">c</span><span class="p">.</span><span class="n">category_department_id</span>
<span class="k">GROUP</span> <span class="k">BY</span>
    <span class="n">o</span><span class="p">.</span><span class="n">order_date</span><span class="p">,</span>
    <span class="n">d</span><span class="p">.</span><span class="n">department_id</span><span class="p">,</span>
    <span class="n">d</span><span class="p">.</span><span class="n">department_name</span><span class="p">,</span>
    <span class="k">c</span><span class="p">.</span><span class="n">category_id</span><span class="p">,</span>
    <span class="k">c</span><span class="p">.</span><span class="n">category_name</span><span class="p">,</span>
    <span class="n">p</span><span class="p">.</span><span class="n">product_id</span><span class="p">,</span>
    <span class="n">p</span><span class="p">.</span><span class="n">product_name</span>
<span class="k">ORDER</span> <span class="k">BY</span> <span class="n">o</span><span class="p">.</span><span class="n">order_date</span><span class="p">,</span>
    <span class="n">revenue</span> <span class="k">DESC</span><span class="p">;</span>
</pre></div>
</div>
<div class="highlight-text notranslate"><div class="highlight"><pre><span></span>                                                              QUERY PLAN
--------------------------------------------------------------------------------------------------------------------------------------
 Sort  (cost=76368.54..76799.03 rows=172198 width=211)
   Sort Key: o.order_date, (round((sum(oi.order_item_subtotal))::numeric, 2)) DESC
   -&gt;  Finalize GroupAggregate  (cost=25958.31..43735.23 rows=172198 width=211)
         Group Key: o.order_date, d.department_id, c.category_id, p.product_id
         -&gt;  Gather Merge  (cost=25958.31..39886.09 rows=101293 width=187)
               Workers Planned: 1
               -&gt;  Partial GroupAggregate  (cost=24958.30..27490.62 rows=101293 width=187)
                     Group Key: o.order_date, d.department_id, c.category_id, p.product_id
                     -&gt;  Sort  (cost=24958.30..25211.53 rows=101293 width=187)
                           Sort Key: o.order_date, d.department_id, c.category_id, p.product_id
                           -&gt;  Hash Join  (cost=2495.48..7188.21 rows=101293 width=187)
                                 Hash Cond: (c.category_department_id = d.department_id)
                                 -&gt;  Hash Join  (cost=2472.43..6897.32 rows=101293 width=79)
                                       Hash Cond: (p.product_category_id = c.category_id)
                                       -&gt;  Hash Join  (cost=2470.13..6609.69 rows=101293 width=63)
                                             Hash Cond: (oi.order_item_product_id = p.product_id)
                                             -&gt;  Hash Join  (cost=2411.87..6284.70 rows=101293 width=20)
                                                   Hash Cond: (oi.order_item_order_id = o.order_id)
                                                   -&gt;  Parallel Seq Scan on order_items oi  (cost=0.00..2279.93 rows=101293 width=16)
                                                   -&gt;  Hash  (cost=1213.83..1213.83 rows=68883 width=12)
                                                         -&gt;  Seq Scan on orders o  (cost=0.00..1213.83 rows=68883 width=12)
                                             -&gt;  Hash  (cost=41.45..41.45 rows=1345 width=47)
                                                   -&gt;  Seq Scan on products p  (cost=0.00..41.45 rows=1345 width=47)
                                       -&gt;  Hash  (cost=1.58..1.58 rows=58 width=20)
                                             -&gt;  Seq Scan on categories c  (cost=0.00..1.58 rows=58 width=20)
                                 -&gt;  Hash  (cost=15.80..15.80 rows=580 width=112)
                                       -&gt;  Seq Scan on departments d  (cost=0.00..15.80 rows=580 width=112)
(27 rows)
</pre></div>
</div>
</div>

    <script type="text/x-thebe-config">
    {
        requestKernel: true,
        binderOptions: {
            repo: "binder-examples/jupyter-stacks-datascience",
            ref: "master",
        },
        codeMirrorConfig: {
            theme: "abcdef",
            mode: "python"
        },
        kernelOptions: {
            kernelName: "python3",
            path: "./08_query_performance_tuning"
        },
        predefinedOutput: true
    }
    </script>
    <script>kernelName = 'python3'</script>

              </div>
              
        </div>
    </div>
    
    
    <div class='prev-next-bottom'>
        
    <a class='left-prev' id="prev-link" href="02_preparing_database.html" title="previous page">Preparing Database</a>
    <a class='right-next' id="next-link" href="04_overview_of_cost_based_optimizer.html" title="next page">Overview of Cost Based Optimizer</a>

    </div>
    <footer class="footer mt-5 mt-md-0">
    <div class="container">
      <p>
        
          By Durga Gadiraju<br/>
        
            &copy; Copyright ITVersity, Inc.<br/>
      </p>
    </div>
  </footer>
</main>


      </div>
    </div>

    
  <script src="../_static/js/index.3da636dd464baa7582d2.js"></script>


    
    <!-- Google Analytics -->
    <script>
      window.ga=window.ga||function(){(ga.q=ga.q||[]).push(arguments)};ga.l=+new Date;
      ga('create', 'UA-80990145-12', 'auto');
      ga('set', 'anonymizeIp', true);
      ga('send', 'pageview');
    </script>
    <script async src='https://www.google-analytics.com/analytics.js'></script>
    <!-- End Google Analytics -->
    
  </body>
</html>